<?xml version="1.0" encoding="utf-8"?><testsuites name="pytest tests"><testsuite name="pytest" errors="0" failures="0" skipped="0" tests="23" time="1.595" timestamp="2026-02-04T12:51:56.422189+00:00" hostname="agent-env-fbcb2561-a3bf-4317-966c-e8003f50ca67"><testcase classname="backend.tests.test_abm_features.TestHealthCheck" name="test_api_health" time="0.059" /><testcase classname="backend.tests.test_abm_features.TestHealthCheck" name="test_api_root" time="0.050" /><testcase classname="backend.tests.test_abm_features.TestAuthentication" name="test_login_success" time="0.237" /><testcase classname="backend.tests.test_abm_features.TestAuthentication" name="test_login_invalid_credentials" time="0.050" /><testcase classname="backend.tests.test_abm_features.TestProjectWithNewFields" name="test_create_project_with_advanced_settings" time="0.257" /><testcase classname="backend.tests.test_abm_features.TestProjectWithNewFields" name="test_update_project_advanced_settings" time="0.104" /><testcase classname="backend.tests.test_abm_features.TestProjectWithNewFields" name="test_get_project_includes_new_fields" time="0.009" /><testcase classname="backend.tests.test_abm_features.TestCSVImport" name="test_csv_parse" time="0.038" /><testcase classname="backend.tests.test_abm_features.TestCSVImport" name="test_csv_import_with_mappings" time="0.041" /><testcase classname="backend.tests.test_abm_features.TestCSVImport" name="test_csv_import_invalid_mappings" time="0.041" /><testcase classname="backend.tests.test_abm_features.TestScheduleLever" name="test_apply_lever_generates_tasks" time="0.022" /><testcase classname="backend.tests.test_abm_features.TestScheduleLever" name="test_lever_returns_scheduling_info" time="0.054" /><testcase classname="backend.tests.test_abm_features.TestScheduleLever" name="test_lever_invalid_project" time="0.009" /><testcase classname="backend.tests.test_abm_features.TestTaskUpdateWithEmailContent" name="test_update_task_with_sent_email_content" time="0.065" /><testcase classname="backend.tests.test_abm_features.TestTaskUpdateWithEmailContent" name="test_task_response_includes_sent_email_content" time="0.012" /><testcase classname="backend.tests.test_abm_features.TestNotesCRUD" name="test_create_note" time="0.051" /><testcase classname="backend.tests.test_abm_features.TestNotesCRUD" name="test_get_prospect_notes" time="0.058" /><testcase classname="backend.tests.test_abm_features.TestNotesCRUD" name="test_update_note" time="0.021" /><testcase classname="backend.tests.test_abm_features.TestNotesCRUD" name="test_delete_note" time="0.110" /><testcase classname="backend.tests.test_abm_features.TestNotesCRUD" name="test_create_note_invalid_prospect" time="0.049" /><testcase classname="backend.tests.test_abm_features.TestCalendarEndpoints" name="test_calendar_tasks" time="0.014" /><testcase classname="backend.tests.test_abm_features.TestCleanup" name="test_cleanup_test_prospects" time="0.067" /><testcase classname="backend.tests.test_abm_features.TestCleanup" name="test_cleanup_test_projects" time="0.121" /></testsuite></testsuites>