<?xml version="1.0" encoding="utf-8"?><testsuites name="pytest tests"><testsuite name="pytest" errors="0" failures="0" skipped="0" tests="28" time="5.052" timestamp="2026-02-19T12:43:58.042618+00:00" hostname="agent-env-f6f390f5-4bc4-43f0-a492-0e013edc13ca"><testcase classname="backend.tests.test_phase1_mail_scheduling.TestHealthAndAuth" name="test_api_health" time="0.244" /><testcase classname="backend.tests.test_phase1_mail_scheduling.TestHealthAndAuth" name="test_login_success" time="0.280" /><testcase classname="backend.tests.test_phase1_mail_scheduling.TestMailDomainCRUD" name="test_create_mail_domain" time="0.398" /><testcase classname="backend.tests.test_phase1_mail_scheduling.TestMailDomainCRUD" name="test_create_duplicate_domain_fails" time="0.051" /><testcase classname="backend.tests.test_phase1_mail_scheduling.TestMailDomainCRUD" name="test_list_mail_domains" time="0.057" /><testcase classname="backend.tests.test_phase1_mail_scheduling.TestMailDomainCRUD" name="test_list_domains_by_project" time="0.053" /><testcase classname="backend.tests.test_phase1_mail_scheduling.TestMailDomainCRUD" name="test_get_project_mail_domains" time="0.054" /><testcase classname="backend.tests.test_phase1_mail_scheduling.TestMailIdCRUD" name="test_create_mail_id" time="0.106" /><testcase classname="backend.tests.test_phase1_mail_scheduling.TestMailIdCRUD" name="test_create_mail_id_wrong_domain_fails" time="0.107" /><testcase classname="backend.tests.test_phase1_mail_scheduling.TestMailIdCRUD" name="test_create_duplicate_mail_id_fails" time="0.117" /><testcase classname="backend.tests.test_phase1_mail_scheduling.TestMailIdCRUD" name="test_list_mail_ids" time="0.058" /><testcase classname="backend.tests.test_phase1_mail_scheduling.TestMailIdCRUD" name="test_list_mail_ids_by_project" time="0.070" /><testcase classname="backend.tests.test_phase1_mail_scheduling.TestMailIdCRUD" name="test_list_unassigned_mail_ids" time="0.056" /><testcase classname="backend.tests.test_phase1_mail_scheduling.TestMailIdAssignment" name="test_assign_mail_id_to_seat" time="0.464" /><testcase classname="backend.tests.test_phase1_mail_scheduling.TestMailIdAssignment" name="test_unassign_mail_id_from_seat" time="0.104" /><testcase classname="backend.tests.test_phase1_mail_scheduling.TestMailIdAssignment" name="test_assign_mail_id_to_nonexistent_seat_fails" time="0.106" /><testcase classname="backend.tests.test_phase1_mail_scheduling.TestMailIdAssignment" name="test_get_seat_mail_ids" time="0.051" /><testcase classname="backend.tests.test_phase1_mail_scheduling.TestProjectSchedulerConfig" name="test_project_has_scheduler_config_fields" time="0.053" /><testcase classname="backend.tests.test_phase1_mail_scheduling.TestProjectSchedulerConfig" name="test_update_scheduler_config" time="0.104" /><testcase classname="backend.tests.test_phase1_mail_scheduling.TestCheckConfig" name="test_check_config_existing_project" time="0.054" /><testcase classname="backend.tests.test_phase1_mail_scheduling.TestCheckConfig" name="test_check_config_new_project_without_domains" time="0.164" /><testcase classname="backend.tests.test_phase1_mail_scheduling.TestCheckConfig" name="test_check_config_nonexistent_project" time="0.053" /><testcase classname="backend.tests.test_phase1_mail_scheduling.TestScheduleProspects" name="test_schedule_prospects_needs_unscheduled_prospects" time="0.164" /><testcase classname="backend.tests.test_phase1_mail_scheduling.TestScheduleProspects" name="test_schedule_prospects_with_full_setup" time="1.186" /><testcase classname="backend.tests.test_phase1_mail_scheduling.TestSchedulingReports" name="test_get_scheduling_reports" time="0.049" /><testcase classname="backend.tests.test_phase1_mail_scheduling.TestMailDomainDeletion" name="test_delete_mail_id" time="0.115" /><testcase classname="backend.tests.test_phase1_mail_scheduling.TestMailDomainDeletion" name="test_delete_mail_domain_cascades_to_mail_ids" time="0.211" /><testcase classname="backend.tests.test_phase1_mail_scheduling.TestCleanup" name="test_cleanup_test_data" time="0.356" /></testsuite></testsuites>