<?xml version="1.0" encoding="utf-8"?><testsuites name="pytest tests"><testsuite name="pytest" errors="0" failures="0" skipped="0" tests="3" time="3.732" timestamp="2026-02-19T12:55:41.973392+00:00" hostname="agent-env-f6f390f5-4bc4-43f0-a492-0e013edc13ca"><testcase classname="tests.test_simulation.TestSimulationStatus" name="test_initial_status_returns_inactive" time="0.437" /><testcase classname="tests.test_simulation.TestSimulationFullCycle" name="test_simulation_full_cycle" time="1.691" /><testcase classname="tests.test_simulation.TestSimulationDataVerification" name="test_simulation_creates_valid_data" time="1.551" /></testsuite></testsuites>