<?xml version="1.0" encoding="utf-8"?><testsuites name="pytest tests"><testsuite name="pytest" errors="7" failures="0" skipped="0" tests="23" time="1.207" timestamp="2026-02-04T12:51:06.111901+00:00" hostname="agent-env-fbcb2561-a3bf-4317-966c-e8003f50ca67"><testcase classname="backend.tests.test_abm_features.TestHealthCheck" name="test_api_health" time="0.068" /><testcase classname="backend.tests.test_abm_features.TestHealthCheck" name="test_api_root" time="0.012" /><testcase classname="backend.tests.test_abm_features.TestAuthentication" name="test_login_success" time="0.238" /><testcase classname="backend.tests.test_abm_features.TestAuthentication" name="test_login_invalid_credentials" time="0.013" /><testcase classname="backend.tests.test_abm_features.TestProjectWithNewFields" name="test_create_project_with_advanced_settings" time="0.321" /><testcase classname="backend.tests.test_abm_features.TestProjectWithNewFields" name="test_update_project_advanced_settings" time="0.066" /><testcase classname="backend.tests.test_abm_features.TestProjectWithNewFields" name="test_get_project_includes_new_fields" time="0.009" /><testcase classname="backend.tests.test_abm_features.TestCSVImport" name="test_csv_parse" time="0.040" /><testcase classname="backend.tests.test_abm_features.TestCSVImport" name="test_csv_import_with_mappings" time="0.041" /><testcase classname="backend.tests.test_abm_features.TestCSVImport" name="test_csv_import_invalid_mappings" time="0.039" /><testcase classname="backend.tests.test_abm_features.TestScheduleLever" name="test_apply_lever_generates_tasks" time="0.012"><error message="failed on setup with &quot;AssertionError: Failed to create prospect: {&quot;detail&quot;:&quot;Not assigned to this project&quot;}&#10;assert 403 == 200&#10; +  where 403 = &lt;Response [403]&gt;.status_code&quot;">backend/tests/test_abm_features.py:79: in test_prospect
    assert response.status_code == 200, f"Failed to create prospect: {response.text}"
E   AssertionError: Failed to create prospect: {"detail":"Not assigned to this project"}
E   assert 403 == 200
E    +  where 403 = &lt;Response [403]&gt;.status_code</error></testcase><testcase classname="backend.tests.test_abm_features.TestScheduleLever" name="test_lever_returns_scheduling_info" time="0.000"><error message="failed on setup with &quot;AssertionError: Failed to create prospect: {&quot;detail&quot;:&quot;Not assigned to this project&quot;}&#10;assert 403 == 200&#10; +  where 403 = &lt;Response [403]&gt;.status_code&quot;">backend/tests/test_abm_features.py:79: in test_prospect
    assert response.status_code == 200, f"Failed to create prospect: {response.text}"
E   AssertionError: Failed to create prospect: {"detail":"Not assigned to this project"}
E   assert 403 == 200
E    +  where 403 = &lt;Response [403]&gt;.status_code</error></testcase><testcase classname="backend.tests.test_abm_features.TestScheduleLever" name="test_lever_invalid_project" time="0.009" /><testcase classname="backend.tests.test_abm_features.TestTaskUpdateWithEmailContent" name="test_update_task_with_sent_email_content" time="0.000"><error message="failed on setup with &quot;AssertionError: Failed to create prospect: {&quot;detail&quot;:&quot;Not assigned to this project&quot;}&#10;assert 403 == 200&#10; +  where 403 = &lt;Response [403]&gt;.status_code&quot;">backend/tests/test_abm_features.py:79: in test_prospect
    assert response.status_code == 200, f"Failed to create prospect: {response.text}"
E   AssertionError: Failed to create prospect: {"detail":"Not assigned to this project"}
E   assert 403 == 200
E    +  where 403 = &lt;Response [403]&gt;.status_code</error></testcase><testcase classname="backend.tests.test_abm_features.TestTaskUpdateWithEmailContent" name="test_task_response_includes_sent_email_content" time="0.012" /><testcase classname="backend.tests.test_abm_features.TestNotesCRUD" name="test_create_note" time="0.000"><error message="failed on setup with &quot;AssertionError: Failed to create prospect: {&quot;detail&quot;:&quot;Not assigned to this project&quot;}&#10;assert 403 == 200&#10; +  where 403 = &lt;Response [403]&gt;.status_code&quot;">backend/tests/test_abm_features.py:79: in test_prospect
    assert response.status_code == 200, f"Failed to create prospect: {response.text}"
E   AssertionError: Failed to create prospect: {"detail":"Not assigned to this project"}
E   assert 403 == 200
E    +  where 403 = &lt;Response [403]&gt;.status_code</error></testcase><testcase classname="backend.tests.test_abm_features.TestNotesCRUD" name="test_get_prospect_notes" time="0.000"><error message="failed on setup with &quot;AssertionError: Failed to create prospect: {&quot;detail&quot;:&quot;Not assigned to this project&quot;}&#10;assert 403 == 200&#10; +  where 403 = &lt;Response [403]&gt;.status_code&quot;">backend/tests/test_abm_features.py:79: in test_prospect
    assert response.status_code == 200, f"Failed to create prospect: {response.text}"
E   AssertionError: Failed to create prospect: {"detail":"Not assigned to this project"}
E   assert 403 == 200
E    +  where 403 = &lt;Response [403]&gt;.status_code</error></testcase><testcase classname="backend.tests.test_abm_features.TestNotesCRUD" name="test_update_note" time="0.000"><error message="failed on setup with &quot;AssertionError: Failed to create prospect: {&quot;detail&quot;:&quot;Not assigned to this project&quot;}&#10;assert 403 == 200&#10; +  where 403 = &lt;Response [403]&gt;.status_code&quot;">backend/tests/test_abm_features.py:79: in test_prospect
    assert response.status_code == 200, f"Failed to create prospect: {response.text}"
E   AssertionError: Failed to create prospect: {"detail":"Not assigned to this project"}
E   assert 403 == 200
E    +  where 403 = &lt;Response [403]&gt;.status_code</error></testcase><testcase classname="backend.tests.test_abm_features.TestNotesCRUD" name="test_delete_note" time="0.000"><error message="failed on setup with &quot;AssertionError: Failed to create prospect: {&quot;detail&quot;:&quot;Not assigned to this project&quot;}&#10;assert 403 == 200&#10; +  where 403 = &lt;Response [403]&gt;.status_code&quot;">backend/tests/test_abm_features.py:79: in test_prospect
    assert response.status_code == 200, f"Failed to create prospect: {response.text}"
E   AssertionError: Failed to create prospect: {"detail":"Not assigned to this project"}
E   assert 403 == 200
E    +  where 403 = &lt;Response [403]&gt;.status_code</error></testcase><testcase classname="backend.tests.test_abm_features.TestNotesCRUD" name="test_create_note_invalid_prospect" time="0.015" /><testcase classname="backend.tests.test_abm_features.TestCalendarEndpoints" name="test_calendar_tasks" time="0.010" /><testcase classname="backend.tests.test_abm_features.TestCleanup" name="test_cleanup_test_prospects" time="0.023" /><testcase classname="backend.tests.test_abm_features.TestCleanup" name="test_cleanup_test_projects" time="0.027" /></testsuite></testsuites>